RUN	ShopSimulation	shopsimulation	1681575579090	 	3.9.3
USER	Authentication	START	1681575579883
USER	Authentication	START	1681575579883
USER	Authentication	START	1681575579903
USER	Authentication	START	1681575579903
USER	Authentication	START	1681575579908
USER	Authentication	START	1681575579918
USER	Authentication	START	1681575579935
USER	Authentication	START	1681575579950
USER	Authentication	START	1681575579951
USER	Authentication	START	1681575579960
USER	Authentication	START	1681575579974
USER	Authentication	START	1681575579988
USER	Authentication	START	1681575579992
USER	Authentication	START	1681575580002
USER	Authentication	START	1681575580011
USER	Authentication	START	1681575580032
USER	Authentication	START	1681575580037
USER	Authentication	START	1681575580050
USER	Authentication	START	1681575580076
USER	Authentication	START	1681575580088
USER	Authentication	START	1681575580097
USER	Authentication	START	1681575580088
USER	Authentication	START	1681575580104
REQUEST		Authenticate	1681575579950	1681575580104	OK	 
REQUEST		Authenticate	1681575579918	1681575580090	OK	 
REQUEST		Authenticate	1681575579918	1681575580104	OK	 
REQUEST		Authenticate	1681575579919	1681575580095	OK	 
REQUEST		Authenticate	1681575579919	1681575580090	OK	 
REQUEST		Authenticate	1681575579919	1681575580122	OK	 
USER	Authentication	START	1681575580126
REQUEST		Authenticate	1681575579936	1681575580134	OK	 
USER	Authentication	START	1681575580139
USER	Authentication	START	1681575580139
REQUEST		Calculate order details	1681575580124	1681575580142	OK	 
USER	Authentication	START	1681575580139
REQUEST		Authenticate	1681575579918	1681575580149	OK	 
USER	Authentication	START	1681575580154
USER	Authentication	START	1681575580164
USER	Authentication	START	1681575580178
REQUEST		Authenticate	1681575579951	1681575580178	OK	 
REQUEST		Calculate order details	1681575580122	1681575580179	OK	 
USER	Authentication	START	1681575580186
REQUEST		Authenticate	1681575579962	1681575580196	OK	 
USER	Authentication	START	1681575580200
USER	Authentication	START	1681575580202
USER	Authentication	START	1681575580218
USER	Authentication	START	1681575580238
USER	Authentication	START	1681575580239
REQUEST		Authenticate	1681575579975	1681575580239	OK	 
USER	Authentication	START	1681575580242
REQUEST		Authenticate	1681575579990	1681575580247	OK	 
REQUEST		Authenticate	1681575580012	1681575580251	OK	 
REQUEST		Calculate order details	1681575580122	1681575580253	OK	 
USER	Authentication	START	1681575580253
USER	Authentication	START	1681575580256
REQUEST		Calculate order details	1681575580123	1681575580258	OK	 
REQUEST		Authenticate	1681575580037	1681575580262	OK	 
REQUEST		Calculate order details	1681575580252	1681575580264	OK	 
REQUEST		Place order	1681575580253	1681575580265	OK	 
USER	Authentication	END	1681575580269
USER	Authentication	START	1681575580272
USER	Authentication	START	1681575580281
USER	Authentication	START	1681575580299
USER	Authentication	START	1681575580300
REQUEST		Authenticate	1681575580051	1681575580304	OK	 
REQUEST		Authenticate	1681575579997	1681575580309	OK	 
USER	Authentication	START	1681575580319
REQUEST		Authenticate	1681575580033	1681575580321	OK	 
USER	Authentication	START	1681575580322
USER	Authentication	START	1681575580334
REQUEST		Authenticate	1681575580104	1681575580342	OK	 
USER	Authentication	START	1681575580344
USER	Authentication	START	1681575580344
REQUEST		Authenticate	1681575580002	1681575580359	OK	 
USER	Authentication	START	1681575580362
REQUEST		Authenticate	1681575580128	1681575580367	OK	 
USER	Authentication	START	1681575580375
USER	Authentication	START	1681575580379
USER	Authentication	START	1681575580390
REQUEST		Authenticate	1681575580139	1681575580395	OK	 
USER	Authentication	START	1681575580407
USER	Authentication	START	1681575580407
REQUEST		Authenticate	1681575580181	1681575580407	OK	 
USER	Authentication	START	1681575580420
REQUEST		Authenticate	1681575580098	1681575580431	OK	 
REQUEST		Calculate order details	1681575580124	1681575580433	OK	 
REQUEST		Calculate order details	1681575580122	1681575580434	OK	 
REQUEST		Calculate order details	1681575580152	1681575580435	OK	 
USER	Authentication	START	1681575580436
USER	Authentication	START	1681575580436
REQUEST		Place order	1681575580142	1681575580437	OK	 
REQUEST		Calculate order details	1681575580179	1681575580437	OK	 
REQUEST		Authenticate	1681575580165	1681575580440	OK	 
REQUEST		Place order	1681575580438	1681575580447	OK	 
REQUEST		Authenticate	1681575580160	1681575580448	OK	 
USER	Authentication	START	1681575580452
USER	Authentication	START	1681575580468
USER	Authentication	START	1681575580468
REQUEST		Authenticate	1681575580266	1681575580470	OK	 
USER	Authentication	END	1681575580471
USER	Authentication	END	1681575580471
REQUEST		Authenticate	1681575580164	1681575580484	OK	 
USER	Authentication	START	1681575580493
USER	Authentication	START	1681575580493
REQUEST		Authenticate	1681575580323	1681575580498	OK	 
REQUEST		Authenticate	1681575580205	1681575580499	OK	 
USER	Authentication	START	1681575580499
REQUEST		Calculate order details	1681575580499	1681575580507	OK	 
USER	Authentication	START	1681575580516
REQUEST		Authenticate	1681575580091	1681575580516	OK	 
USER	Authentication	START	1681575580518
REQUEST		Authenticate	1681575580098	1681575580529	OK	 
REQUEST		Calculate order details	1681575580240	1681575580534	OK	 
USER	Authentication	START	1681575580537
REQUEST		Calculate order details	1681575580367	1681575580539	OK	 
REQUEST		Place order	1681575580539	1681575580552	OK	 
USER	Authentication	START	1681575580554
REQUEST		Calculate order details	1681575580359	1681575580556	OK	 
USER	Authentication	END	1681575580559
USER	Authentication	START	1681575580560
USER	Authentication	START	1681575580562
REQUEST		Authenticate	1681575580340	1681575580566	OK	 
USER	Authentication	START	1681575580567
USER	Authentication	START	1681575580583
REQUEST		Authenticate	1681575580145	1681575580583	OK	 
USER	Authentication	START	1681575580616
USER	Authentication	START	1681575580619
USER	Authentication	START	1681575580620
USER	Authentication	START	1681575580623
REQUEST		Authenticate	1681575580286	1681575580632	OK	 
REQUEST		Authenticate	1681575580244	1681575580633	OK	 
USER	Authentication	START	1681575580639
REQUEST		Authenticate	1681575580266	1681575580642	OK	 
REQUEST		Authenticate	1681575580302	1681575580643	OK	 
REQUEST		Calculate order details	1681575580263	1681575580645	OK	 
REQUEST		Calculate order details	1681575580197	1681575580647	OK	 
REQUEST		Authenticate	1681575580436	1681575580648	OK	 
REQUEST		Calculate order details	1681575580432	1681575580649	OK	 
REQUEST		Calculate order details	1681575580643	1681575580651	OK	 
USER	Authentication	START	1681575580652
REQUEST		Place order	1681575580259	1681575580659	OK	 
USER	Authentication	START	1681575580667
USER	Authentication	END	1681575580667
USER	Authentication	START	1681575580668
REQUEST		Calculate order details	1681575580135	1681575580669	OK	 
USER	Authentication	START	1681575580671
REQUEST		Authenticate	1681575580471	1681575580675	OK	 
USER	Authentication	START	1681575580684
REQUEST		Place order	1681575580648	1681575580684	OK	 
USER	Authentication	END	1681575580685
USER	Authentication	START	1681575580688
REQUEST		Authenticate	1681575580273	1681575580699	OK	 
REQUEST		Authenticate	1681575580508	1681575580703	OK	 
USER	Authentication	START	1681575580704
REQUEST		Calculate order details	1681575580441	1681575580704	OK	 
REQUEST		Calculate order details	1681575580471	1681575580705	OK	 
REQUEST		Authenticate	1681575580377	1681575580714	OK	 
USER	Authentication	START	1681575580719
REQUEST		Authenticate	1681575580508	1681575580727	OK	 
USER	Authentication	START	1681575580729
USER	Authentication	START	1681575580731
USER	Authentication	START	1681575580743
USER	Authentication	START	1681575580755
USER	Authentication	START	1681575580764
REQUEST		Authenticate	1681575580390	1681575580766	OK	 
REQUEST		Authenticate	1681575580244	1681575580779	OK	 
USER	Authentication	START	1681575580780
USER	Authentication	START	1681575580780
REQUEST		Authenticate	1681575580244	1681575580789	OK	 
USER	Authentication	START	1681575580796
USER	Authentication	START	1681575580796
REQUEST		Calculate order details	1681575580790	1681575580796	OK	 
REQUEST		Calculate order details	1681575580395	1681575580797	OK	 
REQUEST		Authenticate	1681575580420	1681575580807	OK	 
REQUEST		Calculate order details	1681575580248	1681575580808	OK	 
USER	Authentication	START	1681575580814
REQUEST		Authenticate	1681575580207	1681575580824	OK	 
USER	Authentication	START	1681575580828
REQUEST		Calculate order details	1681575580408	1681575580829	OK	 
USER	Authentication	START	1681575580830
REQUEST		Authenticate	1681575580616	1681575580833	OK	 
USER	Authentication	START	1681575580843
USER	Authentication	START	1681575580859
REQUEST		Authenticate	1681575580621	1681575580860	OK	 
USER	Authentication	START	1681575580866
REQUEST		Authenticate	1681575580587	1681575580867	OK	 
USER	Authentication	START	1681575580876
REQUEST		Authenticate	1681575580641	1681575580902	OK	 
REQUEST		Calculate order details	1681575580529	1681575580903	OK	 
REQUEST		Authenticate	1681575580668	1681575580907	OK	 
REQUEST		Authenticate	1681575580411	1681575580918	OK	 
REQUEST		Authenticate	1681575580201	1681575580929	OK	 
REQUEST		Authenticate	1681575580363	1681575580933	OK	 
REQUEST		Place order	1681575580180	1681575580936	OK	 
USER	Authentication	END	1681575580938
REQUEST		Place order	1681575580434	1681575580939	OK	 
REQUEST		Calculate order details	1681575580322	1681575580939	OK	 
USER	Authentication	END	1681575580940
REQUEST		Authenticate	1681575580509	1681575580955	OK	 
REQUEST		Authenticate	1681575580796	1681575580977	OK	 
REQUEST		Place order	1681575580265	1681575580978	OK	 
REQUEST		Authenticate	1681575580796	1681575580978	OK	 
USER	Authentication	END	1681575580979
REQUEST		Calculate order details	1681575580449	1681575580980	OK	 
REQUEST		Calculate order details	1681575580644	1681575580980	OK	 
REQUEST		Place order	1681575580645	1681575580981	OK	 
REQUEST		Place order	1681575580435	1681575580981	OK	 
USER	Authentication	END	1681575580982
USER	Authentication	END	1681575580982
REQUEST		Calculate order details	1681575580649	1681575580982	OK	 
REQUEST		Calculate order details	1681575580499	1681575580983	OK	 
REQUEST		Authenticate	1681575580344	1681575580989	OK	 
REQUEST		Place order	1681575580706	1681575580991	OK	 
USER	Authentication	END	1681575580992
REQUEST		Calculate order details	1681575580700	1681575580992	OK	 
REQUEST		Authenticate	1681575580518	1681575580999	OK	 
REQUEST		Calculate order details	1681575580485	1681575581001	OK	 
REQUEST		Calculate order details	1681575580704	1681575581002	OK	 
REQUEST		Authenticate	1681575580560	1681575581019	OK	 
REQUEST		Calculate order details	1681575580714	1681575581020	OK	 
REQUEST		Authenticate	1681575580828	1681575581024	OK	 
REQUEST		Authenticate	1681575580560	1681575581039	OK	 
REQUEST		Authenticate	1681575580571	1681575581043	OK	 
REQUEST		Authenticate	1681575580411	1681575581051	OK	 
REQUEST		Authenticate	1681575580624	1681575581071	OK	 
REQUEST		Authenticate	1681575580672	1681575581090	OK	 
REQUEST		Authenticate	1681575580220	1681575581093	OK	 
REQUEST		Authenticate	1681575580471	1681575581100	OK	 
REQUEST		Place order	1681575580535	1681575581101	OK	 
USER	Authentication	END	1681575581102
REQUEST		Authenticate	1681575580300	1681575581112	OK	 
REQUEST		Authenticate	1681575580668	1681575581129	OK	 
REQUEST		Authenticate	1681575580668	1681575581129	OK	 
REQUEST		Authenticate	1681575580689	1681575581142	OK	 
REQUEST		Place order	1681575580556	1681575581143	OK	 
REQUEST		Calculate order details	1681575580807	1681575581144	OK	 
USER	Authentication	END	1681575581145
REQUEST		Authenticate	1681575580685	1681575581147	OK	 
REQUEST		Place order	1681575580829	1681575581148	OK	 
USER	Authentication	END	1681575581149
REQUEST		Authenticate	1681575580716	1681575581161	OK	 
REQUEST		Authenticate	1681575580720	1681575581175	OK	 
REQUEST		Authenticate	1681575580731	1681575581197	OK	 
REQUEST		Authenticate	1681575580734	1681575581200	OK	 
REQUEST		Calculate order details	1681575580567	1681575581201	OK	 
REQUEST		Authenticate	1681575580320	1681575581208	OK	 
REQUEST		Authenticate	1681575580753	1681575581217	OK	 
REQUEST		Calculate order details	1681575580584	1681575581218	OK	 
REQUEST		Calculate order details	1681575580908	1681575581221	OK	 
REQUEST		Authenticate	1681575580077	1681575581237	OK	 
REQUEST		Authenticate	1681575580755	1681575581239	OK	 
REQUEST		Authenticate	1681575580765	1681575581255	OK	 
REQUEST		Authenticate	1681575580380	1681575581260	OK	 
REQUEST		Authenticate	1681575580520	1681575581269	OK	 
REQUEST		Authenticate	1681575580781	1681575581279	OK	 
REQUEST		Calculate order details	1681575580633	1681575581281	OK	 
REQUEST		Calculate order details	1681575580633	1681575581282	OK	 
REQUEST		Place order	1681575580433	1681575581282	OK	 
REQUEST		Calculate order details	1681575580309	1681575581283	OK	 
USER	Authentication	END	1681575581284
REQUEST		Calculate order details	1681575580934	1681575581285	OK	 
REQUEST		Authenticate	1681575580830	1681575581303	OK	 
REQUEST		Place order	1681575580669	1681575581305	OK	 
REQUEST		Calculate order details	1681575580978	1681575581306	OK	 
USER	Authentication	END	1681575581307
REQUEST		Authenticate	1681575580780	1681575581308	OK	 
REQUEST		Place order	1681575580983	1681575581310	OK	 
USER	Authentication	END	1681575581312
REQUEST		Authenticate	1681575580844	1681575581317	OK	 
REQUEST		Calculate order details	1681575580675	1681575581321	OK	 
REQUEST		Calculate order details	1681575580305	1681575581322	OK	 
REQUEST		Place order	1681575580705	1681575581323	OK	 
USER	Authentication	END	1681575581324
REQUEST		Place order	1681575580992	1681575581324	OK	 
USER	Authentication	END	1681575581325
REQUEST		Calculate order details	1681575580728	1681575581325	OK	 
REQUEST		Authenticate	1681575580818	1681575581337	OK	 
REQUEST		Calculate order details	1681575580780	1681575581338	OK	 
REQUEST		Calculate order details	1681575580766	1681575581339	OK	 
REQUEST		Place order	1681575580796	1681575581340	OK	 
REQUEST		Place order	1681575580797	1681575581342	OK	 
USER	Authentication	END	1681575581343
USER	Authentication	END	1681575581343
REQUEST		Place order	1681575580808	1681575581344	OK	 
USER	Authentication	END	1681575581345
REQUEST		Calculate order details	1681575580517	1681575581347	OK	 
REQUEST		Calculate order details	1681575580825	1681575581348	OK	 
REQUEST		Calculate order details	1681575580834	1681575581349	OK	 
REQUEST		Calculate order details	1681575580860	1681575581352	OK	 
REQUEST		Calculate order details	1681575580902	1681575581354	OK	 
REQUEST		Place order	1681575581323	1681575581355	OK	 
USER	Authentication	END	1681575581356
REQUEST		Calculate order details	1681575580919	1681575581357	OK	 
REQUEST		Calculate order details	1681575580929	1681575581358	OK	 
REQUEST		Place order	1681575580651	1681575581358	OK	 
USER	Authentication	END	1681575581359
REQUEST		Calculate order details	1681575581161	1681575581359	OK	 
REQUEST		Place order	1681575581281	1681575581361	OK	 
REQUEST		Place order	1681575580940	1681575581361	OK	 
USER	Authentication	END	1681575581361
USER	Authentication	END	1681575581362
REQUEST		Place order	1681575580650	1681575581362	OK	 
USER	Authentication	END	1681575581362
REQUEST		Calculate order details	1681575580955	1681575581363	OK	 
REQUEST		Place order	1681575580508	1681575581364	OK	 
REQUEST		Place order	1681575580981	1681575581364	OK	 
USER	Authentication	END	1681575581366
USER	Authentication	END	1681575581366
REQUEST		Calculate order details	1681575581269	1681575581366	OK	 
REQUEST		Place order	1681575581307	1681575581368	OK	 
REQUEST		Place order	1681575581282	1681575581369	OK	 
REQUEST		Calculate order details	1681575581209	1681575581369	OK	 
USER	Authentication	END	1681575581370
USER	Authentication	END	1681575581370
REQUEST		Calculate order details	1681575581239	1681575581371	OK	 
REQUEST		Place order	1681575581285	1681575581371	OK	 
REQUEST		Authenticate	1681575580571	1681575581372	OK	 
REQUEST		Calculate order details	1681575581255	1681575581373	OK	 
REQUEST		Authenticate	1681575580867	1681575581373	OK	 
USER	Authentication	END	1681575581374
REQUEST		Place order	1681575581222	1681575581374	OK	 
USER	Authentication	END	1681575581375
REQUEST		Place order	1681575581002	1681575581376	OK	 
REQUEST		Calculate order details	1681575581071	1681575581376	OK	 
REQUEST		Authenticate	1681575580560	1681575581375	OK	 
REQUEST		Calculate order details	1681575581044	1681575581376	OK	 
USER	Authentication	END	1681575581377
REQUEST		Calculate order details	1681575581040	1681575581377	OK	 
REQUEST		Calculate order details	1681575581051	1681575581378	OK	 
REQUEST		Calculate order details	1681575581101	1681575581378	OK	 
REQUEST		Authenticate	1681575580859	1681575581378	OK	 
REQUEST		Place order	1681575581020	1681575581379	OK	 
REQUEST		Calculate order details	1681575581198	1681575581379	OK	 
USER	Authentication	END	1681575581380
REQUEST		Calculate order details	1681575581020	1681575581380	OK	 
REQUEST		Calculate order details	1681575581093	1681575581382	OK	 
REQUEST		Place order	1681575581001	1681575581382	OK	 
REQUEST		Place order	1681575581145	1681575581382	OK	 
REQUEST		Calculate order details	1681575581025	1681575581382	OK	 
USER	Authentication	END	1681575581382
REQUEST		Calculate order details	1681575581130	1681575581383	OK	 
REQUEST		Calculate order details	1681575581337	1681575581383	OK	 
USER	Authentication	END	1681575581383
REQUEST		Calculate order details	1681575581091	1681575581384	OK	 
REQUEST		Calculate order details	1681575580868	1681575581384	OK	 
REQUEST		Calculate order details	1681575581217	1681575581385	OK	 
REQUEST		Calculate order details	1681575581130	1681575581386	OK	 
REQUEST		Calculate order details	1681575581142	1681575581386	OK	 
REQUEST		Calculate order details	1681575581112	1681575581387	OK	 
REQUEST		Place order	1681575581202	1681575581387	OK	 
USER	Authentication	END	1681575581388
REQUEST		Calculate order details	1681575581201	1681575581388	OK	 
REQUEST		Calculate order details	1681575580978	1681575581390	OK	 
REQUEST		Calculate order details	1681575581261	1681575581390	OK	 
REQUEST		Calculate order details	1681575581175	1681575581390	OK	 
REQUEST		Place order	1681575581347	1681575581390	OK	 
REQUEST		Place order	1681575580981	1681575581392	OK	 
REQUEST		Calculate order details	1681575581237	1681575581392	OK	 
USER	Authentication	END	1681575581393
REQUEST		Calculate order details	1681575581147	1681575581393	OK	 
USER	Authentication	END	1681575581393
REQUEST		Calculate order details	1681575580990	1681575581393	OK	 
REQUEST		Place order	1681575581284	1681575581393	OK	 
REQUEST		Calculate order details	1681575580343	1681575581394	OK	 
USER	Authentication	END	1681575581394
REQUEST		Calculate order details	1681575581318	1681575581394	OK	 
REQUEST		Place order	1681575581219	1681575581399	OK	 
USER	Authentication	END	1681575581400
REQUEST		Place order	1681575581349	1681575581400	OK	 
USER	Authentication	END	1681575581400
REQUEST		Place order	1681575581326	1681575581401	OK	 
REQUEST		Place order	1681575580983	1681575581401	OK	 
USER	Authentication	END	1681575581401
USER	Authentication	END	1681575581401
REQUEST		Place order	1681575581358	1681575581403	OK	 
USER	Authentication	END	1681575581403
REQUEST		Place order	1681575581378	1681575581403	OK	 
USER	Authentication	END	1681575581404
REQUEST		Place order	1681575581349	1681575581406	OK	 
REQUEST		Calculate order details	1681575581309	1681575581406	OK	 
USER	Authentication	END	1681575581406
REQUEST		Place order	1681575581322	1681575581407	OK	 
USER	Authentication	END	1681575581407
REQUEST		Calculate order details	1681575581379	1681575581410	OK	 
REQUEST		Place order	1681575581354	1681575581411	OK	 
REQUEST		Place order	1681575581366	1681575581411	OK	 
USER	Authentication	END	1681575581411
REQUEST		Place order	1681575581376	1681575581412	OK	 
USER	Authentication	END	1681575581412
USER	Authentication	END	1681575581412
REQUEST		Place order	1681575581380	1681575581412	OK	 
USER	Authentication	END	1681575581413
REQUEST		Place order	1681575581373	1681575581413	OK	 
USER	Authentication	END	1681575581413
REQUEST		Place order	1681575581364	1681575581413	OK	 
REQUEST		Place order	1681575581390	1681575581414	OK	 
REQUEST		Place order	1681575581381	1681575581414	OK	 
REQUEST		Place order	1681575581378	1681575581414	OK	 
USER	Authentication	END	1681575581415
USER	Authentication	END	1681575581415
USER	Authentication	END	1681575581415
USER	Authentication	END	1681575581415
REQUEST		Calculate order details	1681575581372	1681575581415	OK	 
REQUEST		Place order	1681575581352	1681575581416	OK	 
REQUEST		Calculate order details	1681575581280	1681575581416	OK	 
USER	Authentication	END	1681575581417
REQUEST		Place order	1681575581392	1681575581417	OK	 
USER	Authentication	END	1681575581418
REQUEST		Authenticate	1681575580436	1681575581419	OK	 
REQUEST		Place order	1681575581371	1681575581419	OK	 
REQUEST		Place order	1681575581388	1681575581419	OK	 
USER	Authentication	END	1681575581420
USER	Authentication	END	1681575581420
REQUEST		Calculate order details	1681575581304	1681575581420	OK	 
REQUEST		Place order	1681575581377	1681575581422	OK	 
REQUEST		Place order	1681575580903	1681575581422	OK	 
REQUEST		Authenticate	1681575580877	1681575581422	OK	 
REQUEST		Place order	1681575581339	1681575581422	OK	 
USER	Authentication	END	1681575581423
USER	Authentication	END	1681575581423
REQUEST		Place order	1681575581386	1681575581423	OK	 
USER	Authentication	END	1681575581423
USER	Authentication	END	1681575581423
REQUEST		Place order	1681575581357	1681575581426	OK	 
REQUEST		Place order	1681575581378	1681575581426	OK	 
REQUEST		Place order	1681575581394	1681575581426	OK	 
REQUEST		Place order	1681575581383	1681575581427	OK	 
USER	Authentication	END	1681575581427
USER	Authentication	END	1681575581427
USER	Authentication	END	1681575581427
USER	Authentication	END	1681575581427
REQUEST		Place order	1681575581411	1681575581427	OK	 
REQUEST		Place order	1681575581340	1681575581428	OK	 
USER	Authentication	END	1681575581428
USER	Authentication	END	1681575581428
REQUEST		Calculate order details	1681575581377	1681575581428	OK	 
REQUEST		Place order	1681575581383	1681575581428	OK	 
REQUEST		Place order	1681575581390	1681575581429	OK	 
USER	Authentication	END	1681575581429
USER	Authentication	END	1681575581429
REQUEST		Place order	1681575581370	1681575581429	OK	 
USER	Authentication	END	1681575581430
REQUEST		Place order	1681575581394	1681575581431	OK	 
USER	Authentication	END	1681575581432
REQUEST		Place order	1681575581386	1681575581431	OK	 
USER	Authentication	END	1681575581432
REQUEST		Place order	1681575581360	1681575581434	OK	 
REQUEST		Place order	1681575581393	1681575581434	OK	 
REQUEST		Place order	1681575581386	1681575581434	OK	 
USER	Authentication	END	1681575581435
USER	Authentication	END	1681575581435
REQUEST		Calculate order details	1681575581374	1681575581434	OK	 
USER	Authentication	END	1681575581435
REQUEST		Calculate order details	1681575581422	1681575581435	OK	 
REQUEST		Place order	1681575581382	1681575581438	OK	 
REQUEST		Place order	1681575581385	1681575581438	OK	 
REQUEST		Place order	1681575581385	1681575581439	OK	 
REQUEST		Place order	1681575581393	1681575581440	OK	 
USER	Authentication	END	1681575581440
REQUEST		Place order	1681575581388	1681575581440	OK	 
USER	Authentication	END	1681575581440
USER	Authentication	END	1681575581440
USER	Authentication	END	1681575581440
USER	Authentication	END	1681575581440
REQUEST		Place order	1681575581420	1681575581442	OK	 
REQUEST		Calculate order details	1681575581420	1681575581442	OK	 
REQUEST		Place order	1681575581390	1681575581442	OK	 
USER	Authentication	END	1681575581443
USER	Authentication	END	1681575581443
REQUEST		Place order	1681575581429	1681575581444	OK	 
REQUEST		Place order	1681575581417	1681575581444	OK	 
REQUEST		Calculate order details	1681575581000	1681575581444	OK	 
USER	Authentication	END	1681575581445
USER	Authentication	END	1681575581445
REQUEST		Place order	1681575581383	1681575581445	OK	 
REQUEST		Place order	1681575581407	1681575581445	OK	 
REQUEST		Place order	1681575581416	1681575581445	OK	 
USER	Authentication	END	1681575581445
USER	Authentication	END	1681575581445
USER	Authentication	END	1681575581445
REQUEST		Place order	1681575581438	1681575581448	OK	 
REQUEST		Place order	1681575581438	1681575581448	OK	 
USER	Authentication	END	1681575581448
USER	Authentication	END	1681575581448
REQUEST		Place order	1681575581442	1681575581449	OK	 
USER	Authentication	END	1681575581449
REQUEST		Place order	1681575581445	1681575581451	OK	 
USER	Authentication	END	1681575581451
REQUEST		Authenticate	1681575580344	1681575581453	OK	 
REQUEST		Authenticate	1681575580620	1681575581454	OK	 
REQUEST		Authenticate	1681575580471	1681575581454	OK	 
REQUEST		Calculate order details	1681575581453	1681575581458	OK	 
REQUEST		Calculate order details	1681575581454	1681575581459	OK	 
REQUEST		Calculate order details	1681575581454	1681575581460	OK	 
REQUEST		Place order	1681575581458	1681575581462	OK	 
USER	Authentication	END	1681575581463
REQUEST		Place order	1681575581459	1681575581463	OK	 
USER	Authentication	END	1681575581464
REQUEST		Place order	1681575581460	1681575581464	OK	 
USER	Authentication	END	1681575581464
